   121.0ms (setup:858): 2026-02-11 15:26:07
   121.1ms (setup:859): /usr/bin/pipx install git-filter-repo
   121.1ms (setup:860): pipx version is 1.4.3
   121.1ms (setup:861): Default python interpreter is '/usr/bin/python3'
   121.9ms (package_name_from_spec:370): Determined package name: git-filter-repo
   121.9ms (package_name_from_spec:371): Package name determined in 0.0s
   122.6ms (run_subprocess:168): running /usr/bin/python3 -m venv --without-pip /root/.local/share/pipx/venvs/git-filter-repo
   216.4ms (run_subprocess:190): stdout:
   216.5ms (run_subprocess:192): stderr:
   216.5ms (run_subprocess:193): returncode: 0
   217.4ms (run_subprocess:168): running /usr/bin/python3 -m venv --clear /root/.local/share/pipx/shared
  3913.2ms (run_subprocess:190): stdout:
  3913.2ms (run_subprocess:192): stderr:
  3913.3ms (run_subprocess:193): returncode: 0
  3913.9ms (run_subprocess:168): running <checking pip's availability>
  3934.8ms (run_subprocess:190): stdout: ModuleSpec(name='pip', loader=<_frozen_importlib_external.SourceFileLoader object at 0x7518a21fffb0>, origin='/root/.local/share/pipx/shared/lib/python3.12/site-packages/pip/__init__.py', submodule_search_locations=['/root/.local/share/pipx/shared/lib/python3.12/site-packages/pip'])
  3934.9ms (run_subprocess:193): returncode: 0
  3935.0ms (upgrade:98): Upgrading shared libraries in /root/.local/share/pipx/shared
  3935.4ms (run_subprocess:168): running /root/.local/share/pipx/shared/bin/python -m pip --no-input --disable-pip-version-check install --force-reinstall -q --upgrade pip >= 23.1
  7291.2ms (run_subprocess:190): stdout:
  7291.3ms (run_subprocess:192): stderr:
  7291.3ms (run_subprocess:193): returncode: 0
  7291.6ms (run_subprocess:168): running /root/.local/share/pipx/venvs/git-filter-repo/bin/python -c import sysconfig; print(sysconfig.get_path('purelib'))
  7312.7ms (run_subprocess:190): stdout: /root/.local/share/pipx/venvs/git-filter-repo/lib/python3.12/site-packages
  7312.8ms (run_subprocess:193): returncode: 0
  7312.9ms (run_subprocess:168): running /root/.local/share/pipx/shared/bin/python -c import sysconfig; print(sysconfig.get_path('purelib'))
  7330.9ms (run_subprocess:190): stdout: /root/.local/share/pipx/shared/lib/python3.12/site-packages
  7331.0ms (run_subprocess:193): returncode: 0
  7331.2ms (run_subprocess:168): running /root/.local/share/pipx/venvs/git-filter-repo/bin/python --version
  7332.9ms (run_subprocess:190): stdout: Python 3.12.3
  7333.0ms (run_subprocess:192): stderr:
  7333.0ms (run_subprocess:193): returncode: 0
  7333.2ms (_parsed_package_to_package_or_url:137): cleaned package spec: git-filter-repo
  7333.8ms (run_subprocess:168): running /root/.local/share/pipx/venvs/git-filter-repo/bin/python -m pip --no-input install git-filter-repo
  8952.7ms (run_subprocess:193): returncode: 0
  8953.2ms (run_subprocess:168): running <fetch_info_in_venv commands>
  8976.5ms (run_subprocess:190): stdout: {"sys_path": ["/usr/lib/python312.zip", "/usr/lib/python3.12", "/usr/lib/python3.12/lib-dynload", "/root/.local/share/pipx/venvs/git-filter-repo/lib/python3.12/site-packages", "/root/.local/share/pipx/shared/lib/python3.12/site-packages"], "python_version": "3.12.3", "environment": {"implementation_name": "cpython", "implementation_version": "3.12.3", "os_name": "posix", "platform_machine": "x86_64", "platform_release": "6.6.87.2-microsoft-standard-WSL2", "platform_system": "Linux", "platform_version": "#1 SMP PREEMPT_DYNAMIC Thu Jun  5 18:30:46 UTC 2025", "python_full_version": "3.12.3", "platform_python_implementation": "CPython", "python_version": "3.12", "sys_platform": "linux"}}
  8976.6ms (run_subprocess:193): returncode: 0
  8979.3ms (get_venv_metadata_for_package:339): get_venv_metadata_for_package: 26ms
  8979.4ms (_parsed_package_to_package_or_url:137): cleaned package spec: git-filter-repo
  8980.7ms (run_subprocess:168): running <checking pip's availability>
  9000.9ms (run_subprocess:190): stdout: ModuleSpec(name='pip', loader=<_frozen_importlib_external.SourceFileLoader object at 0x7d99a7ee1a90>, origin='/root/.local/share/pipx/shared/lib/python3.12/site-packages/pip/__init__.py', submodule_search_locations=['/root/.local/share/pipx/shared/lib/python3.12/site-packages/pip'])
  9001.0ms (run_subprocess:193): returncode: 0
  9001.2ms (run_subprocess:168): running <checking pip's availability>
  9025.8ms (run_subprocess:190): stdout: ModuleSpec(name='pip', loader=<_frozen_importlib_external.SourceFileLoader object at 0x7cd6b2dfffb0>, origin='/root/.local/share/pipx/shared/lib/python3.12/site-packages/pip/__init__.py', submodule_search_locations=['/root/.local/share/pipx/shared/lib/python3.12/site-packages/pip'])
  9025.9ms (run_subprocess:193): returncode: 0
  9026.7ms (cli:932): pipx finished.
